#! /usr/local/Cellar/icarus-verilog/10.2_1/bin/vvp
:ivl_version "10.2 (stable)" "(v10_2)";
:ivl_delay_selection "TYPICAL";
:vpi_time_precision + 0;
:vpi_module "system";
:vpi_module "vhdl_sys";
:vpi_module "v2005_math";
:vpi_module "va_math";
S_0x7fbf91404b40 .scope module, "not_gate" "not_gate" 2 1;
 .timescale 0 0;
    .port_info 0 /INPUT 1 "a"
    .port_info 1 /OUTPUT 1 "f"
L_0x7fbf91414db0 .functor BUFT 1, C8<771>, C4<0>, C4<0>, C4<0>;
o0x100628008 .functor BUFZ 1, C4<z>; HiZ drive
L_0x7fbf91414e50 .functor PMOS 1, L_0x7fbf91414db0, o0x100628008, C4<0>, C4<0>;
L_0x7fbf91414d20 .functor BUFT 1, C8<770>, C4<0>, C4<0>, C4<0>;
L_0x7fbf91414f60 .functor NMOS 1, L_0x7fbf91414d20, o0x100628008, C4<0>, C4<0>;
v0x7fbf91403e40_0 .net "a", 0 0, o0x100628008;  0 drivers
RS_0x100628038 .resolv tri, L_0x7fbf91414e50, L_0x7fbf91414f60;
v0x7fbf91414b20_0 .net8 "f", 0 0, RS_0x100628038;  2 drivers, strength-aware
v0x7fbf91414bc0_0 .net8 "gnd", 0 0, L_0x7fbf91414d20;  1 drivers, strength-aware
v0x7fbf91414c50_0 .net8 "vdd", 0 0, L_0x7fbf91414db0;  1 drivers, strength-aware
# The file index is used to find the file name in the following table.
:file_names 3;
    "N/A";
    "<interactive>";
    "not.v";
